<?xml version="1.0" encoding="UTF-8"?>
<!-- Generated by org.testng.reporters.JUnitXMLReporter -->
<testsuite ignored="0" hostname="Nalinis-MacBook-Pro.local" failures="0" tests="6" name="Default test" time="5.035" errors="0" timestamp="2023-10-11T16:31:39 EDT">
  <testcase classname="api.test.DataDrivenTests" name="testPostUser" time="2.61"/>
  <testcase classname="api.test.DataDrivenTests" name="testPostUser" time="0.135"/>
  <testcase classname="api.test.DataDrivenTests" name="testPostUser" time="0.105"/>
  <testcase classname="api.test.DataDrivenTests" name="testDeleteUserByName" time="0.094"/>
  <testcase classname="api.test.DataDrivenTests" name="testDeleteUserByName" time="0.095"/>
  <testcase classname="api.test.DataDrivenTests" name="testDeleteUserByName" time="0.101"/>
</testsuite> <!-- Default test -->
