<?xml version="1.0" encoding="UTF-8"?>
<testng-results ignored="0" total="4" passed="4" failed="0" skipped="0">
  <reporter-output>
  </reporter-output>
  <suite started-at="2023-10-13T13:43:19 EDT" name="PetSuite" finished-at="2023-10-13T13:43:23 EDT" duration-ms="3750">
    <groups>
    </groups>
    <test started-at="2023-10-13T13:43:19 EDT" name="PetTests" finished-at="2023-10-13T13:43:23 EDT" duration-ms="3750">
      <class name="api.test.UserTests2">
        <test-method is-config="true" signature="setup()[pri:0, instance:api.test.UserTests2@5fbe4146]" started-at="2023-10-13T13:43:20 EDT" name="setup" finished-at="2023-10-13T13:43:21 EDT" duration-ms="940" status="PASS">
          <reporter-output>
          </reporter-output>
        </test-method> <!-- setup -->
        <test-method signature="testPostUser()[pri:1, instance:api.test.UserTests2@5fbe4146]" started-at="2023-10-13T13:43:21 EDT" name="testPostUser" finished-at="2023-10-13T13:43:23 EDT" duration-ms="2003" status="PASS">
          <reporter-output>
          </reporter-output>
        </test-method> <!-- testPostUser -->
        <test-method signature="testGetUserByName()[pri:2, instance:api.test.UserTests2@5fbe4146]" started-at="2023-10-13T13:43:23 EDT" name="testGetUserByName" finished-at="2023-10-13T13:43:23 EDT" duration-ms="122" status="PASS">
          <reporter-output>
          </reporter-output>
        </test-method> <!-- testGetUserByName -->
        <test-method signature="testUpdateUserByName()[pri:3, instance:api.test.UserTests2@5fbe4146]" started-at="2023-10-13T13:43:23 EDT" name="testUpdateUserByName" finished-at="2023-10-13T13:43:23 EDT" duration-ms="184" status="PASS">
          <reporter-output>
          </reporter-output>
        </test-method> <!-- testUpdateUserByName -->
        <test-method signature="testDeleteUserByName()[pri:4, instance:api.test.UserTests2@5fbe4146]" started-at="2023-10-13T13:43:23 EDT" name="testDeleteUserByName" finished-at="2023-10-13T13:43:23 EDT" duration-ms="77" status="PASS">
          <reporter-output>
          </reporter-output>
        </test-method> <!-- testDeleteUserByName -->
      </class> <!-- api.test.UserTests2 -->
    </test> <!-- PetTests -->
  </suite> <!-- PetSuite -->
</testng-results>
