<?xml version="1.0" encoding="UTF-8"?>
<testng-results ignored="0" total="4" passed="4" failed="0" skipped="0">
  <reporter-output>
  </reporter-output>
  <suite started-at="2023-10-13T12:02:04 EDT" name="PetSuite" finished-at="2023-10-13T12:02:07 EDT" duration-ms="2822">
    <groups>
    </groups>
    <test started-at="2023-10-13T12:02:04 EDT" name="PetTests" finished-at="2023-10-13T12:02:07 EDT" duration-ms="2822">
      <class name="api.test.UserTests2">
        <test-method is-config="true" signature="setup()[pri:0, instance:api.test.UserTests2@dd0c991]" started-at="2023-10-13T12:02:04 EDT" name="setup" finished-at="2023-10-13T12:02:05 EDT" duration-ms="579" status="PASS">
          <reporter-output>
          </reporter-output>
        </test-method> <!-- setup -->
        <test-method signature="testPostUser()[pri:1, instance:api.test.UserTests2@dd0c991]" started-at="2023-10-13T12:02:05 EDT" name="testPostUser" finished-at="2023-10-13T12:02:06 EDT" duration-ms="1545" status="PASS">
          <reporter-output>
          </reporter-output>
        </test-method> <!-- testPostUser -->
        <test-method signature="testGetUserByName()[pri:2, instance:api.test.UserTests2@dd0c991]" started-at="2023-10-13T12:02:06 EDT" name="testGetUserByName" finished-at="2023-10-13T12:02:07 EDT" duration-ms="110" status="PASS">
          <reporter-output>
          </reporter-output>
        </test-method> <!-- testGetUserByName -->
        <test-method signature="testUpdateUserByName()[pri:3, instance:api.test.UserTests2@dd0c991]" started-at="2023-10-13T12:02:07 EDT" name="testUpdateUserByName" finished-at="2023-10-13T12:02:07 EDT" duration-ms="188" status="PASS">
          <reporter-output>
          </reporter-output>
        </test-method> <!-- testUpdateUserByName -->
        <test-method signature="testDeleteUserByName()[pri:4, instance:api.test.UserTests2@dd0c991]" started-at="2023-10-13T12:02:07 EDT" name="testDeleteUserByName" finished-at="2023-10-13T12:02:07 EDT" duration-ms="92" status="PASS">
          <reporter-output>
          </reporter-output>
        </test-method> <!-- testDeleteUserByName -->
      </class> <!-- api.test.UserTests2 -->
    </test> <!-- PetTests -->
  </suite> <!-- PetSuite -->
</testng-results>
