<?xml version="1.0" encoding="UTF-8"?>
<!-- Generated by org.testng.reporters.JUnitXMLReporter -->
<testsuite ignored="0" hostname="Nalinis-MacBook-Pro.local" failures="0" tests="4" name="PetTests" time="3.75" errors="0" timestamp="2023-10-13T13:43:23 EDT">
  <testcase classname="api.test.UserTests2" name="testPostUser" time="2.003"/>
  <testcase classname="api.test.UserTests2" name="testGetUserByName" time="0.122"/>
  <testcase classname="api.test.UserTests2" name="testUpdateUserByName" time="0.184"/>
  <testcase classname="api.test.UserTests2" name="testDeleteUserByName" time="0.077"/>
</testsuite> <!-- PetTests -->
