<?xml version="1.0" encoding="UTF-8"?>
<!-- Generated by org.testng.reporters.JUnitXMLReporter -->
<testsuite ignored="0" hostname="Nalinis-MacBook-Pro.local" failures="0" tests="4" name="PetTests" time="2.822" errors="0" timestamp="2023-10-13T12:02:07 EDT">
  <testcase classname="api.test.UserTests2" name="testPostUser" time="1.545"/>
  <testcase classname="api.test.UserTests2" name="testGetUserByName" time="0.11"/>
  <testcase classname="api.test.UserTests2" name="testUpdateUserByName" time="0.188"/>
  <testcase classname="api.test.UserTests2" name="testDeleteUserByName" time="0.092"/>
</testsuite> <!-- PetTests -->
